260227 12:37:16 mysqld_safe Starting mariadbd daemon with databases from /home/mamun/webstack/data/mysql
2026-02-27 12:37:16 0 [Note] Starting MariaDB 11.2.2-MariaDB source revision 929532a9426d085111c24c63de9c23cc54382259 as process 9392
2026-02-27 12:37:16 0 [Note] InnoDB: Compressed tables use zlib 1.3
2026-02-27 12:37:16 0 [Note] InnoDB: Number of transaction pools: 1
2026-02-27 12:37:16 0 [Note] InnoDB: Using crc32 + pclmulqdq instructions
2026-02-27 12:37:16 0 [Note] InnoDB: Using Linux native AIO
2026-02-27 12:37:16 0 [Note] InnoDB: Initializing buffer pool, total size = 128.000MiB, chunk size = 2.000MiB
2026-02-27 12:37:16 0 [Note] InnoDB: Completed initialization of buffer pool
2026-02-27 12:37:16 0 [Note] InnoDB: File system buffers for log disabled (block size=512 bytes)
2026-02-27 12:37:16 0 [Note] InnoDB: End of log at LSN=47645
2026-02-27 12:37:16 0 [Note] InnoDB: Opened 3 undo tablespaces
2026-02-27 12:37:16 0 [Note] InnoDB: 128 rollback segments in 3 undo tablespaces are active.
2026-02-27 12:37:16 0 [Note] InnoDB: Setting file './ibtmp1' size to 12.000MiB. Physically writing the file full; Please wait ...
2026-02-27 12:37:16 0 [Note] InnoDB: File './ibtmp1' size is now 12.000MiB.
2026-02-27 12:37:16 0 [Note] InnoDB: log sequence number 47645; transaction id 14
2026-02-27 12:37:16 0 [Note] Plugin 'FEEDBACK' is disabled.
2026-02-27 12:37:16 0 [Note] Plugin 'wsrep-provider' is disabled.
2026-02-27 12:37:16 0 [Note] InnoDB: Loading buffer pool(s) from /home/mamun/webstack/data/mysql/ib_buffer_pool
2026-02-27 12:37:17 0 [Note] InnoDB: Buffer pool(s) load completed at 260227 12:37:17
2026-02-27 12:37:17 0 [Note] Server socket created on IP: '127.0.0.1'.
2026-02-27 12:37:17 0 [Warning] 'user' entry 'root@mamun-thinkcentre-m91' ignored in --skip-name-resolve mode.
2026-02-27 12:37:17 0 [Warning] 'user' entry '@mamun-thinkcentre-m91' ignored in --skip-name-resolve mode.
2026-02-27 12:37:17 0 [Warning] 'proxies_priv' entry '@% root@mamun-thinkcentre-m91' ignored in --skip-name-resolve mode.
2026-02-27 12:37:17 0 [Note] mariadbd: Event Scheduler: Loaded 0 events
2026-02-27 12:37:17 0 [Note] /home/mamun/webstack/mysql/bin/mariadbd: ready for connections.
Version: '11.2.2-MariaDB'  socket: '/home/mamun/webstack/tmp/mysql.sock'  port: 3306  MariaDB Server
2026-02-27 12:37:27 0 [Note] /home/mamun/webstack/mysql/bin/mariadbd (initiated by: root[root] @ localhost []): Normal shutdown
2026-02-27 12:37:27 0 [Note] InnoDB: FTS optimize thread exiting.
2026-02-27 12:37:27 0 [Note] InnoDB: Starting shutdown...
2026-02-27 12:37:27 0 [Note] InnoDB: Dumping buffer pool(s) to /home/mamun/webstack/data/mysql/ib_buffer_pool
2026-02-27 12:37:27 0 [Note] InnoDB: Buffer pool(s) dump completed at 260227 12:37:27
2026-02-27 12:37:27 0 [Note] InnoDB: Removed temporary tablespace data file: "./ibtmp1"
2026-02-27 12:37:27 0 [Note] InnoDB: Shutdown completed; log sequence number 47645; transaction id 15
2026-02-27 12:37:27 0 [Note] /home/mamun/webstack/mysql/bin/mariadbd: Shutdown complete

260227 12:37:27 mysqld_safe mysqld from pid file /home/mamun/webstack/tmp/mysql.pid ended
260227 12:43:09 mysqld_safe Starting mariadbd daemon with databases from /home/mamun/webstack/data/mysql
2026-02-27 12:43:09 0 [Note] Starting MariaDB 11.2.2-MariaDB source revision 929532a9426d085111c24c63de9c23cc54382259 as process 10433
2026-02-27 12:43:09 0 [Note] InnoDB: Compressed tables use zlib 1.3
2026-02-27 12:43:09 0 [Note] InnoDB: Number of transaction pools: 1
2026-02-27 12:43:09 0 [Note] InnoDB: Using crc32 + pclmulqdq instructions
2026-02-27 12:43:09 0 [Note] InnoDB: Using Linux native AIO
2026-02-27 12:43:09 0 [Note] InnoDB: Initializing buffer pool, total size = 128.000MiB, chunk size = 2.000MiB
2026-02-27 12:43:09 0 [Note] InnoDB: Completed initialization of buffer pool
2026-02-27 12:43:09 0 [Note] InnoDB: File system buffers for log disabled (block size=512 bytes)
2026-02-27 12:43:09 0 [Note] InnoDB: End of log at LSN=47645
2026-02-27 12:43:09 0 [Note] InnoDB: Opened 3 undo tablespaces
2026-02-27 12:43:09 0 [Note] InnoDB: 128 rollback segments in 3 undo tablespaces are active.
2026-02-27 12:43:09 0 [Note] InnoDB: Setting file './ibtmp1' size to 12.000MiB. Physically writing the file full; Please wait ...
2026-02-27 12:43:09 0 [Note] InnoDB: File './ibtmp1' size is now 12.000MiB.
2026-02-27 12:43:09 0 [Note] InnoDB: log sequence number 47645; transaction id 14
2026-02-27 12:43:09 0 [Note] Plugin 'FEEDBACK' is disabled.
2026-02-27 12:43:09 0 [Note] Plugin 'wsrep-provider' is disabled.
2026-02-27 12:43:09 0 [Note] InnoDB: Loading buffer pool(s) from /home/mamun/webstack/data/mysql/ib_buffer_pool
2026-02-27 12:43:09 0 [Note] InnoDB: Buffer pool(s) load completed at 260227 12:43:09
2026-02-27 12:43:09 0 [Note] Server socket created on IP: '127.0.0.1'.
2026-02-27 12:43:09 0 [Warning] 'user' entry 'root@mamun-thinkcentre-m91' ignored in --skip-name-resolve mode.
2026-02-27 12:43:09 0 [Warning] 'user' entry '@mamun-thinkcentre-m91' ignored in --skip-name-resolve mode.
2026-02-27 12:43:09 0 [Warning] 'proxies_priv' entry '@% root@mamun-thinkcentre-m91' ignored in --skip-name-resolve mode.
2026-02-27 12:43:09 0 [Note] mariadbd: Event Scheduler: Loaded 0 events
2026-02-27 12:43:09 0 [Note] /home/mamun/webstack/mysql/bin/mariadbd: ready for connections.
Version: '11.2.2-MariaDB'  socket: '/home/mamun/webstack/tmp/mysql.sock'  port: 3306  MariaDB Server
2026-02-27 12:43:32 0 [Note] /home/mamun/webstack/mysql/bin/mariadbd (initiated by: root[root] @ localhost []): Normal shutdown
2026-02-27 12:43:32 0 [Note] InnoDB: FTS optimize thread exiting.
2026-02-27 12:43:32 0 [Note] InnoDB: Starting shutdown...
2026-02-27 12:43:32 0 [Note] InnoDB: Dumping buffer pool(s) to /home/mamun/webstack/data/mysql/ib_buffer_pool
2026-02-27 12:43:32 0 [Note] InnoDB: Buffer pool(s) dump completed at 260227 12:43:32
2026-02-27 12:43:32 0 [Note] InnoDB: Removed temporary tablespace data file: "./ibtmp1"
2026-02-27 12:43:32 0 [Note] InnoDB: Shutdown completed; log sequence number 47645; transaction id 15
2026-02-27 12:43:32 0 [Note] /home/mamun/webstack/mysql/bin/mariadbd: Shutdown complete

260227 12:43:32 mysqld_safe mysqld from pid file /home/mamun/webstack/tmp/mysql.pid ended
260227 12:43:40 mysqld_safe Starting mariadbd daemon with databases from /home/mamun/webstack/data/mysql
2026-02-27 12:43:40 0 [Note] Starting MariaDB 11.2.2-MariaDB source revision 929532a9426d085111c24c63de9c23cc54382259 as process 10617
2026-02-27 12:43:40 0 [Note] InnoDB: Compressed tables use zlib 1.3
2026-02-27 12:43:40 0 [Note] InnoDB: Number of transaction pools: 1
2026-02-27 12:43:40 0 [Note] InnoDB: Using crc32 + pclmulqdq instructions
2026-02-27 12:43:40 0 [Note] InnoDB: Using Linux native AIO
2026-02-27 12:43:40 0 [Note] InnoDB: Initializing buffer pool, total size = 128.000MiB, chunk size = 2.000MiB
2026-02-27 12:43:40 0 [Note] InnoDB: Completed initialization of buffer pool
2026-02-27 12:43:40 0 [Note] InnoDB: File system buffers for log disabled (block size=512 bytes)
2026-02-27 12:43:40 0 [Note] InnoDB: End of log at LSN=47645
2026-02-27 12:43:40 0 [Note] InnoDB: Opened 3 undo tablespaces
2026-02-27 12:43:40 0 [Note] InnoDB: 128 rollback segments in 3 undo tablespaces are active.
2026-02-27 12:43:40 0 [Note] InnoDB: Setting file './ibtmp1' size to 12.000MiB. Physically writing the file full; Please wait ...
2026-02-27 12:43:40 0 [Note] InnoDB: File './ibtmp1' size is now 12.000MiB.
2026-02-27 12:43:40 0 [Note] InnoDB: log sequence number 47645; transaction id 14
2026-02-27 12:43:40 0 [Note] Plugin 'FEEDBACK' is disabled.
2026-02-27 12:43:40 0 [Note] Plugin 'wsrep-provider' is disabled.
2026-02-27 12:43:40 0 [Note] InnoDB: Loading buffer pool(s) from /home/mamun/webstack/data/mysql/ib_buffer_pool
2026-02-27 12:43:40 0 [Note] InnoDB: Buffer pool(s) load completed at 260227 12:43:40
2026-02-27 12:43:40 0 [Note] Server socket created on IP: '127.0.0.1'.
2026-02-27 12:43:40 0 [Warning] 'user' entry 'root@mamun-thinkcentre-m91' ignored in --skip-name-resolve mode.
2026-02-27 12:43:40 0 [Warning] 'user' entry '@mamun-thinkcentre-m91' ignored in --skip-name-resolve mode.
2026-02-27 12:43:40 0 [Warning] 'proxies_priv' entry '@% root@mamun-thinkcentre-m91' ignored in --skip-name-resolve mode.
2026-02-27 12:43:40 0 [Note] mariadbd: Event Scheduler: Loaded 0 events
2026-02-27 12:43:40 0 [Note] /home/mamun/webstack/mysql/bin/mariadbd: ready for connections.
Version: '11.2.2-MariaDB'  socket: '/home/mamun/webstack/tmp/mysql.sock'  port: 3306  MariaDB Server
2026-02-27 12:46:20 0 [Note] /home/mamun/webstack/mysql/bin/mariadbd (initiated by: root[root] @ localhost []): Normal shutdown
2026-02-27 12:46:20 0 [Note] InnoDB: FTS optimize thread exiting.
2026-02-27 12:46:20 0 [Note] InnoDB: Starting shutdown...
2026-02-27 12:46:20 0 [Note] InnoDB: Dumping buffer pool(s) to /home/mamun/webstack/data/mysql/ib_buffer_pool
2026-02-27 12:46:20 0 [Note] InnoDB: Buffer pool(s) dump completed at 260227 12:46:20
2026-02-27 12:46:20 0 [Note] InnoDB: Removed temporary tablespace data file: "./ibtmp1"
2026-02-27 12:46:20 0 [Note] InnoDB: Shutdown completed; log sequence number 47645; transaction id 16
2026-02-27 12:46:20 0 [Note] /home/mamun/webstack/mysql/bin/mariadbd: Shutdown complete

260227 12:46:20 mysqld_safe mysqld from pid file /home/mamun/webstack/tmp/mysql.pid ended
260227 13:29:16 mysqld_safe Starting mariadbd daemon with databases from /home/mamun/webstack/data/mysql
2026-02-27 13:29:16 0 [Note] Starting MariaDB 11.2.2-MariaDB source revision 929532a9426d085111c24c63de9c23cc54382259 as process 13106
2026-02-27 13:29:16 0 [Note] InnoDB: Compressed tables use zlib 1.3
2026-02-27 13:29:16 0 [Note] InnoDB: Number of transaction pools: 1
2026-02-27 13:29:16 0 [Note] InnoDB: Using crc32 + pclmulqdq instructions
2026-02-27 13:29:16 0 [Note] InnoDB: Using Linux native AIO
2026-02-27 13:29:16 0 [Note] InnoDB: Initializing buffer pool, total size = 128.000MiB, chunk size = 2.000MiB
2026-02-27 13:29:16 0 [Note] InnoDB: Completed initialization of buffer pool
2026-02-27 13:29:16 0 [Note] InnoDB: File system buffers for log disabled (block size=512 bytes)
2026-02-27 13:29:16 0 [Note] InnoDB: End of log at LSN=47645
2026-02-27 13:29:16 0 [Note] InnoDB: Opened 3 undo tablespaces
2026-02-27 13:29:16 0 [Note] InnoDB: 128 rollback segments in 3 undo tablespaces are active.
2026-02-27 13:29:16 0 [Note] InnoDB: Setting file './ibtmp1' size to 12.000MiB. Physically writing the file full; Please wait ...
2026-02-27 13:29:16 0 [Note] InnoDB: File './ibtmp1' size is now 12.000MiB.
2026-02-27 13:29:16 0 [Note] InnoDB: log sequence number 47645; transaction id 14
2026-02-27 13:29:16 0 [Note] Plugin 'FEEDBACK' is disabled.
2026-02-27 13:29:16 0 [Note] Plugin 'wsrep-provider' is disabled.
2026-02-27 13:29:16 0 [Note] InnoDB: Loading buffer pool(s) from /home/mamun/webstack/data/mysql/ib_buffer_pool
2026-02-27 13:29:16 0 [Note] InnoDB: Buffer pool(s) load completed at 260227 13:29:16
2026-02-27 13:29:16 0 [Note] Server socket created on IP: '127.0.0.1'.
2026-02-27 13:29:16 0 [Warning] 'user' entry 'root@mamun-thinkcentre-m91' ignored in --skip-name-resolve mode.
2026-02-27 13:29:16 0 [Warning] 'user' entry '@mamun-thinkcentre-m91' ignored in --skip-name-resolve mode.
2026-02-27 13:29:16 0 [Warning] 'proxies_priv' entry '@% root@mamun-thinkcentre-m91' ignored in --skip-name-resolve mode.
2026-02-27 13:29:16 0 [Note] mariadbd: Event Scheduler: Loaded 0 events
2026-02-27 13:29:16 0 [Note] /home/mamun/webstack/mysql/bin/mariadbd: ready for connections.
Version: '11.2.2-MariaDB'  socket: '/home/mamun/webstack/tmp/mysql.sock'  port: 3306  MariaDB Server
2026-02-27 13:57:41 0 [Note] /home/mamun/webstack/mysql/bin/mariadbd (initiated by: root[root] @ localhost []): Normal shutdown
2026-02-27 13:57:41 0 [Note] InnoDB: FTS optimize thread exiting.
2026-02-27 13:57:41 0 [Note] InnoDB: Starting shutdown...
2026-02-27 13:57:41 0 [Note] InnoDB: Dumping buffer pool(s) to /home/mamun/webstack/data/mysql/ib_buffer_pool
2026-02-27 13:57:41 0 [Note] InnoDB: Buffer pool(s) dump completed at 260227 13:57:41
2026-02-27 13:57:42 0 [Note] InnoDB: Removed temporary tablespace data file: "./ibtmp1"
2026-02-27 13:57:42 0 [Note] InnoDB: Shutdown completed; log sequence number 47645; transaction id 15
2026-02-27 13:57:42 0 [Note] /home/mamun/webstack/mysql/bin/mariadbd: Shutdown complete

260227 13:57:42 mysqld_safe mysqld from pid file /home/mamun/webstack/tmp/mysql.pid ended
260227 14:02:31 mysqld_safe Starting mariadbd daemon with databases from /home/mamun/webstack/data/mysql
2026-02-27 14:02:31 0 [Note] Starting MariaDB 11.2.2-MariaDB source revision 929532a9426d085111c24c63de9c23cc54382259 as process 13789
2026-02-27 14:02:31 0 [Note] InnoDB: Compressed tables use zlib 1.3
2026-02-27 14:02:31 0 [Note] InnoDB: Number of transaction pools: 1
2026-02-27 14:02:31 0 [Note] InnoDB: Using crc32 + pclmulqdq instructions
2026-02-27 14:02:31 0 [Note] InnoDB: Using Linux native AIO
2026-02-27 14:02:31 0 [Note] InnoDB: Initializing buffer pool, total size = 128.000MiB, chunk size = 2.000MiB
2026-02-27 14:02:31 0 [Note] InnoDB: Completed initialization of buffer pool
2026-02-27 14:02:31 0 [Note] InnoDB: File system buffers for log disabled (block size=512 bytes)
2026-02-27 14:02:31 0 [Note] InnoDB: End of log at LSN=47645
2026-02-27 14:02:31 0 [Note] InnoDB: Opened 3 undo tablespaces
2026-02-27 14:02:31 0 [Note] InnoDB: 128 rollback segments in 3 undo tablespaces are active.
2026-02-27 14:02:31 0 [Note] InnoDB: Setting file './ibtmp1' size to 12.000MiB. Physically writing the file full; Please wait ...
2026-02-27 14:02:31 0 [Note] InnoDB: File './ibtmp1' size is now 12.000MiB.
2026-02-27 14:02:31 0 [Note] InnoDB: log sequence number 47645; transaction id 14
2026-02-27 14:02:31 0 [Note] Plugin 'FEEDBACK' is disabled.
2026-02-27 14:02:31 0 [Note] Plugin 'wsrep-provider' is disabled.
2026-02-27 14:02:31 0 [Note] InnoDB: Loading buffer pool(s) from /home/mamun/webstack/data/mysql/ib_buffer_pool
2026-02-27 14:02:31 0 [Note] InnoDB: Buffer pool(s) load completed at 260227 14:02:31
2026-02-27 14:02:31 0 [Note] Server socket created on IP: '127.0.0.1'.
2026-02-27 14:02:31 0 [Warning] 'user' entry 'root@mamun-thinkcentre-m91' ignored in --skip-name-resolve mode.
2026-02-27 14:02:31 0 [Warning] 'user' entry '@mamun-thinkcentre-m91' ignored in --skip-name-resolve mode.
2026-02-27 14:02:31 0 [Warning] 'proxies_priv' entry '@% root@mamun-thinkcentre-m91' ignored in --skip-name-resolve mode.
2026-02-27 14:02:31 0 [Note] mariadbd: Event Scheduler: Loaded 0 events
2026-02-27 14:02:31 0 [Note] /home/mamun/webstack/mysql/bin/mariadbd: ready for connections.
Version: '11.2.2-MariaDB'  socket: '/home/mamun/webstack/tmp/mysql.sock'  port: 3306  MariaDB Server
